{"C:\\User\\Project_web\\kantin\\backend\\config\\db.js": {"path":"C:\\User\\Project_web\\kantin\\backend\\config\\db.js","statementMap":{"0":{"start":{"line":1,"column":22},"end":{"line":1,"column":42}},"1":{"start":{"line":2,"column":0},"end":{"line":2,"column":27}},"2":{"start":{"line":5,"column":18},"end":{"line":14,"column":1}},"3":{"start":{"line":17,"column":18},"end":{"line":29,"column":1}},"4":{"start":{"line":18,"column":2},"end":{"line":28,"column":3}},"5":{"start":{"line":19,"column":4},"end":{"line":19,"column":35}},"6":{"start":{"line":20,"column":4},"end":{"line":20,"column":65}},"7":{"start":{"line":23,"column":4},"end":{"line":23,"column":57}},"8":{"start":{"line":24,"column":4},"end":{"line":24,"column":51}},"9":{"start":{"line":26,"column":4},"end":{"line":26,"column":62}},"10":{"start":{"line":32,"column":0},"end":{"line":32,"column":42}}},"fnMap":{"0":{"name":"(anonymous_0)","decl":{"start":{"line":17,"column":18},"end":{"line":17,"column":19}},"loc":{"start":{"line":17,"column":30},"end":{"line":29,"column":1}},"line":17}},"branchMap":{},"s":{"0":5,"1":5,"2":5,"3":5,"4":5,"5":5,"6":5,"7":5,"8":5,"9":0,"10":5},"f":{"0":5},"b":{},"_coverageSchema":"1a1c01bbd47fc00a2c39e90264f33305004495a9","hash":"c7d8bec42d8f1760ad62eccdf93d9d37270fd139"}
,"C:\\User\\Project_web\\kantin\\backend\\controllers\\menuController.js": {"path":"C:\\User\\Project_web\\kantin\\backend\\controllers\\menuController.js","statementMap":{"0":{"start":{"line":1,"column":13},"end":{"line":1,"column":38}},"1":{"start":{"line":2,"column":15},"end":{"line":2,"column":42}},"2":{"start":{"line":3,"column":13},"end":{"line":3,"column":38}},"3":{"start":{"line":6,"column":0},"end":{"line":27,"column":2}},"4":{"start":{"line":7,"column":4},"end":{"line":26,"column":5}},"5":{"start":{"line":8,"column":31},"end":{"line":8,"column":40}},"6":{"start":{"line":9,"column":24},"end":{"line":9,"column":26}},"7":{"start":{"line":11,"column":8},"end":{"line":13,"column":9}},"8":{"start":{"line":12,"column":12},"end":{"line":12,"column":62}},"9":{"start":{"line":15,"column":24},"end":{"line":21,"column":10}},"10":{"start":{"line":22,"column":8},"end":{"line":22,"column":26}},"11":{"start":{"line":24,"column":8},"end":{"line":24,"column":52}},"12":{"start":{"line":25,"column":8},"end":{"line":25,"column":71}},"13":{"start":{"line":30,"column":0},"end":{"line":49,"column":2}},"14":{"start":{"line":31,"column":4},"end":{"line":48,"column":5}},"15":{"start":{"line":32,"column":23},"end":{"line":32,"column":33}},"16":{"start":{"line":33,"column":23},"end":{"line":38,"column":10}},"17":{"start":{"line":40,"column":8},"end":{"line":42,"column":9}},"18":{"start":{"line":41,"column":12},"end":{"line":41,"column":77}},"19":{"start":{"line":44,"column":8},"end":{"line":44,"column":25}},"20":{"start":{"line":46,"column":8},"end":{"line":46,"column":58}},"21":{"start":{"line":47,"column":8},"end":{"line":47,"column":73}},"22":{"start":{"line":52,"column":0},"end":{"line":71,"column":2}},"23":{"start":{"line":53,"column":4},"end":{"line":70,"column":5}},"24":{"start":{"line":54,"column":23},"end":{"line":54,"column":33}},"25":{"start":{"line":56,"column":24},"end":{"line":64,"column":10}},"26":{"start":{"line":66,"column":8},"end":{"line":66,"column":26}},"27":{"start":{"line":68,"column":8},"end":{"line":68,"column":63}},"28":{"start":{"line":69,"column":8},"end":{"line":69,"column":73}},"29":{"start":{"line":74,"column":0},"end":{"line":96,"column":2}},"30":{"start":{"line":75,"column":4},"end":{"line":95,"column":5}},"31":{"start":{"line":76,"column":23},"end":{"line":76,"column":33}},"32":{"start":{"line":77,"column":61},"end":{"line":77,"column":69}},"33":{"start":{"line":79,"column":8},"end":{"line":81,"column":9}},"34":{"start":{"line":80,"column":12},"end":{"line":80,"column":99}},"35":{"start":{"line":83,"column":26},"end":{"line":89,"column":10}},"36":{"start":{"line":91,"column":8},"end":{"line":91,"column":90}},"37":{"start":{"line":93,"column":8},"end":{"line":93,"column":54}},"38":{"start":{"line":94,"column":8},"end":{"line":94,"column":83}},"39":{"start":{"line":99,"column":0},"end":{"line":114,"column":2}},"40":{"start":{"line":100,"column":4},"end":{"line":113,"column":5}},"41":{"start":{"line":101,"column":75},"end":{"line":101,"column":83}},"42":{"start":{"line":103,"column":8},"end":{"line":105,"column":9}},"43":{"start":{"line":104,"column":12},"end":{"line":104,"column":92}},"44":{"start":{"line":107,"column":8},"end":{"line":107,"column":86}},"45":{"start":{"line":109,"column":8},"end":{"line":109,"column":87}},"46":{"start":{"line":111,"column":8},"end":{"line":111,"column":50}},"47":{"start":{"line":112,"column":8},"end":{"line":112,"column":81}},"48":{"start":{"line":117,"column":0},"end":{"line":137,"column":2}},"49":{"start":{"line":118,"column":4},"end":{"line":136,"column":5}},"50":{"start":{"line":119,"column":46},"end":{"line":119,"column":54}},"51":{"start":{"line":121,"column":30},"end":{"line":126,"column":10}},"52":{"start":{"line":128,"column":8},"end":{"line":130,"column":9}},"53":{"start":{"line":129,"column":12},"end":{"line":129,"column":113}},"54":{"start":{"line":132,"column":8},"end":{"line":132,"column":74}},"55":{"start":{"line":134,"column":8},"end":{"line":134,"column":50}},"56":{"start":{"line":135,"column":8},"end":{"line":135,"column":79}},"57":{"start":{"line":140,"column":0},"end":{"line":164,"column":2}},"58":{"start":{"line":141,"column":4},"end":{"line":163,"column":5}},"59":{"start":{"line":142,"column":31},"end":{"line":142,"column":39}},"60":{"start":{"line":144,"column":8},"end":{"line":146,"column":9}},"61":{"start":{"line":145,"column":12},"end":{"line":145,"column":95}},"62":{"start":{"line":148,"column":28},"end":{"line":153,"column":10}},"63":{"start":{"line":155,"column":8},"end":{"line":157,"column":9}},"64":{"start":{"line":156,"column":12},"end":{"line":156,"column":113}},"65":{"start":{"line":159,"column":8},"end":{"line":159,"column":71}},"66":{"start":{"line":161,"column":8},"end":{"line":161,"column":50}},"67":{"start":{"line":162,"column":8},"end":{"line":162,"column":82}}},"fnMap":{"0":{"name":"(anonymous_0)","decl":{"start":{"line":6,"column":21},"end":{"line":6,"column":22}},"loc":{"start":{"line":6,"column":41},"end":{"line":27,"column":1}},"line":6},"1":{"name":"(anonymous_1)","decl":{"start":{"line":30,"column":22},"end":{"line":30,"column":23}},"loc":{"start":{"line":30,"column":42},"end":{"line":49,"column":1}},"line":30},"2":{"name":"(anonymous_2)","decl":{"start":{"line":52,"column":27},"end":{"line":52,"column":28}},"loc":{"start":{"line":52,"column":47},"end":{"line":71,"column":1}},"line":52},"3":{"name":"(anonymous_3)","decl":{"start":{"line":74,"column":20},"end":{"line":74,"column":21}},"loc":{"start":{"line":74,"column":40},"end":{"line":96,"column":1}},"line":74},"4":{"name":"(anonymous_4)","decl":{"start":{"line":99,"column":21},"end":{"line":99,"column":22}},"loc":{"start":{"line":99,"column":41},"end":{"line":114,"column":1}},"line":99},"5":{"name":"(anonymous_5)","decl":{"start":{"line":117,"column":21},"end":{"line":117,"column":22}},"loc":{"start":{"line":117,"column":41},"end":{"line":137,"column":1}},"line":117},"6":{"name":"(anonymous_6)","decl":{"start":{"line":140,"column":21},"end":{"line":140,"column":22}},"loc":{"start":{"line":140,"column":41},"end":{"line":164,"column":1}},"line":140}},"branchMap":{"0":{"loc":{"start":{"line":11,"column":8},"end":{"line":13,"column":9}},"type":"if","locations":[{"start":{"line":11,"column":8},"end":{"line":13,"column":9}},{"start":{},"end":{}}],"line":11},"1":{"loc":{"start":{"line":40,"column":8},"end":{"line":42,"column":9}},"type":"if","locations":[{"start":{"line":40,"column":8},"end":{"line":42,"column":9}},{"start":{},"end":{}}],"line":40},"2":{"loc":{"start":{"line":79,"column":8},"end":{"line":81,"column":9}},"type":"if","locations":[{"start":{"line":79,"column":8},"end":{"line":81,"column":9}},{"start":{},"end":{}}],"line":79},"3":{"loc":{"start":{"line":79,"column":12},"end":{"line":79,"column":49}},"type":"binary-expr","locations":[{"start":{"line":79,"column":12},"end":{"line":79,"column":23}},{"start":{"line":79,"column":27},"end":{"line":79,"column":38}},{"start":{"line":79,"column":42},"end":{"line":79,"column":49}}],"line":79},"4":{"loc":{"start":{"line":103,"column":8},"end":{"line":105,"column":9}},"type":"if","locations":[{"start":{"line":103,"column":8},"end":{"line":105,"column":9}},{"start":{},"end":{}}],"line":103},"5":{"loc":{"start":{"line":103,"column":12},"end":{"line":103,"column":39}},"type":"binary-expr","locations":[{"start":{"line":103,"column":12},"end":{"line":103,"column":24}},{"start":{"line":103,"column":28},"end":{"line":103,"column":39}}],"line":103},"6":{"loc":{"start":{"line":128,"column":8},"end":{"line":130,"column":9}},"type":"if","locations":[{"start":{"line":128,"column":8},"end":{"line":130,"column":9}},{"start":{},"end":{}}],"line":128},"7":{"loc":{"start":{"line":144,"column":8},"end":{"line":146,"column":9}},"type":"if","locations":[{"start":{"line":144,"column":8},"end":{"line":146,"column":9}},{"start":{},"end":{}}],"line":144},"8":{"loc":{"start":{"line":155,"column":8},"end":{"line":157,"column":9}},"type":"if","locations":[{"start":{"line":155,"column":8},"end":{"line":157,"column":9}},{"start":{},"end":{}}],"line":155}},"s":{"0":5,"1":5,"2":5,"3":5,"4":2,"5":2,"6":2,"7":2,"8":0,"9":2,"10":2,"11":0,"12":0,"13":5,"14":2,"15":2,"16":2,"17":2,"18":1,"19":1,"20":0,"21":0,"22":5,"23":0,"24":0,"25":0,"26":0,"27":0,"28":0,"29":5,"30":0,"31":0,"32":0,"33":0,"34":0,"35":0,"36":0,"37":0,"38":0,"39":5,"40":4,"41":4,"42":4,"43":2,"44":2,"45":2,"46":0,"47":0,"48":5,"49":1,"50":1,"51":1,"52":1,"53":0,"54":1,"55":0,"56":0,"57":5,"58":2,"59":2,"60":2,"61":0,"62":2,"63":2,"64":1,"65":1,"66":0,"67":0},"f":{"0":2,"1":2,"2":0,"3":0,"4":4,"5":1,"6":2},"b":{"0":[0,2],"1":[1,1],"2":[0,0],"3":[0,0,0],"4":[2,2],"5":[4,3],"6":[0,1],"7":[0,2],"8":[1,1]},"_coverageSchema":"1a1c01bbd47fc00a2c39e90264f33305004495a9","hash":"36a98479ca2318dc1a4b6837258342638f9e6bd0"}
,"C:\\User\\Project_web\\kantin\\backend\\middleware\\auth.js": {"path":"C:\\User\\Project_web\\kantin\\backend\\middleware\\auth.js","statementMap":{"0":{"start":{"line":1,"column":12},"end":{"line":1,"column":35}},"1":{"start":{"line":4,"column":20},"end":{"line":24,"column":1}},"2":{"start":{"line":5,"column":23},"end":{"line":5,"column":51}},"3":{"start":{"line":6,"column":18},"end":{"line":6,"column":56}},"4":{"start":{"line":8,"column":4},"end":{"line":8,"column":92}},"5":{"start":{"line":8,"column":16},"end":{"line":8,"column":92}},"6":{"start":{"line":10,"column":4},"end":{"line":23,"column":7}},"7":{"start":{"line":11,"column":8},"end":{"line":20,"column":9}},"8":{"start":{"line":13,"column":12},"end":{"line":18,"column":13}},"9":{"start":{"line":14,"column":16},"end":{"line":17,"column":19}},"10":{"start":{"line":19,"column":12},"end":{"line":19,"column":75}},"11":{"start":{"line":21,"column":8},"end":{"line":21,"column":27}},"12":{"start":{"line":22,"column":8},"end":{"line":22,"column":15}},"13":{"start":{"line":27,"column":19},"end":{"line":42,"column":1}},"14":{"start":{"line":28,"column":4},"end":{"line":41,"column":6}},"15":{"start":{"line":29,"column":8},"end":{"line":31,"column":9}},"16":{"start":{"line":30,"column":12},"end":{"line":30,"column":72}},"17":{"start":{"line":33,"column":8},"end":{"line":38,"column":9}},"18":{"start":{"line":34,"column":12},"end":{"line":37,"column":15}},"19":{"start":{"line":40,"column":8},"end":{"line":40,"column":15}},"20":{"start":{"line":44,"column":0},"end":{"line":44,"column":45}}},"fnMap":{"0":{"name":"(anonymous_0)","decl":{"start":{"line":4,"column":20},"end":{"line":4,"column":21}},"loc":{"start":{"line":4,"column":40},"end":{"line":24,"column":1}},"line":4},"1":{"name":"(anonymous_1)","decl":{"start":{"line":10,"column":66},"end":{"line":10,"column":67}},"loc":{"start":{"line":10,"column":84},"end":{"line":23,"column":5}},"line":10},"2":{"name":"(anonymous_2)","decl":{"start":{"line":27,"column":19},"end":{"line":27,"column":20}},"loc":{"start":{"line":27,"column":37},"end":{"line":42,"column":1}},"line":27},"3":{"name":"(anonymous_3)","decl":{"start":{"line":28,"column":11},"end":{"line":28,"column":12}},"loc":{"start":{"line":28,"column":31},"end":{"line":41,"column":5}},"line":28}},"branchMap":{"0":{"loc":{"start":{"line":6,"column":18},"end":{"line":6,"column":56}},"type":"binary-expr","locations":[{"start":{"line":6,"column":18},"end":{"line":6,"column":28}},{"start":{"line":6,"column":32},"end":{"line":6,"column":56}}],"line":6},"1":{"loc":{"start":{"line":8,"column":4},"end":{"line":8,"column":92}},"type":"if","locations":[{"start":{"line":8,"column":4},"end":{"line":8,"column":92}},{"start":{},"end":{}}],"line":8},"2":{"loc":{"start":{"line":10,"column":22},"end":{"line":10,"column":64}},"type":"binary-expr","locations":[{"start":{"line":10,"column":22},"end":{"line":10,"column":44}},{"start":{"line":10,"column":48},"end":{"line":10,"column":64}}],"line":10},"3":{"loc":{"start":{"line":11,"column":8},"end":{"line":20,"column":9}},"type":"if","locations":[{"start":{"line":11,"column":8},"end":{"line":20,"column":9}},{"start":{},"end":{}}],"line":11},"4":{"loc":{"start":{"line":13,"column":12},"end":{"line":18,"column":13}},"type":"if","locations":[{"start":{"line":13,"column":12},"end":{"line":18,"column":13}},{"start":{},"end":{}}],"line":13},"5":{"loc":{"start":{"line":29,"column":8},"end":{"line":31,"column":9}},"type":"if","locations":[{"start":{"line":29,"column":8},"end":{"line":31,"column":9}},{"start":{},"end":{}}],"line":29},"6":{"loc":{"start":{"line":33,"column":8},"end":{"line":38,"column":9}},"type":"if","locations":[{"start":{"line":33,"column":8},"end":{"line":38,"column":9}},{"start":{},"end":{}}],"line":33}},"s":{"0":5,"1":5,"2":20,"3":20,"4":20,"5":4,"6":16,"7":16,"8":0,"9":0,"10":0,"11":16,"12":16,"13":5,"14":0,"15":0,"16":0,"17":0,"18":0,"19":0,"20":5},"f":{"0":20,"1":16,"2":0,"3":0},"b":{"0":[20,16],"1":[4,16],"2":[16,16],"3":[0,16],"4":[0,0],"5":[0,0],"6":[0,0]},"_coverageSchema":"1a1c01bbd47fc00a2c39e90264f33305004495a9","hash":"9bd2580323aeb2860b183a683e801abe3eb82f2b"}
,"C:\\User\\Project_web\\kantin\\backend\\models\\Menu.js": {"path":"C:\\User\\Project_web\\kantin\\backend\\models\\Menu.js","statementMap":{"0":{"start":{"line":1,"column":22},"end":{"line":1,"column":42}},"1":{"start":{"line":2,"column":22},"end":{"line":2,"column":45}},"2":{"start":{"line":4,"column":13},"end":{"line":39,"column":2}},"3":{"start":{"line":42,"column":13},"end":{"line":42,"column":30}},"4":{"start":{"line":45,"column":0},"end":{"line":45,"column":51}},"5":{"start":{"line":48,"column":0},"end":{"line":48,"column":49}},"6":{"start":{"line":50,"column":0},"end":{"line":50,"column":22}}},"fnMap":{},"branchMap":{},"s":{"0":5,"1":5,"2":5,"3":5,"4":5,"5":5,"6":5},"f":{},"b":{},"_coverageSchema":"1a1c01bbd47fc00a2c39e90264f33305004495a9","hash":"a7de47f68c198ff9514a4265aab2c4c98407c60d"}
,"C:\\User\\Project_web\\kantin\\backend\\models\\Order.js": {"path":"C:\\User\\Project_web\\kantin\\backend\\models\\Order.js","statementMap":{"0":{"start":{"line":1,"column":22},"end":{"line":1,"column":42}},"1":{"start":{"line":2,"column":22},"end":{"line":2,"column":45}},"2":{"start":{"line":3,"column":13},"end":{"line":3,"column":30}},"3":{"start":{"line":4,"column":13},"end":{"line":4,"column":30}},"4":{"start":{"line":5,"column":15},"end":{"line":5,"column":34}},"5":{"start":{"line":7,"column":14},"end":{"line":40,"column":2}},"6":{"start":{"line":43,"column":0},"end":{"line":43,"column":67}},"7":{"start":{"line":44,"column":0},"end":{"line":44,"column":67}},"8":{"start":{"line":45,"column":0},"end":{"line":45,"column":61}},"9":{"start":{"line":48,"column":0},"end":{"line":48,"column":65}},"10":{"start":{"line":50,"column":0},"end":{"line":50,"column":23}}},"fnMap":{},"branchMap":{},"s":{"0":5,"1":5,"2":5,"3":5,"4":5,"5":5,"6":5,"7":5,"8":5,"9":5,"10":5},"f":{},"b":{},"_coverageSchema":"1a1c01bbd47fc00a2c39e90264f33305004495a9","hash":"67e211b8a27a3e5b92f3d8b03465704422a4df25"}
,"C:\\User\\Project_web\\kantin\\backend\\models\\Review.js": {"path":"C:\\User\\Project_web\\kantin\\backend\\models\\Review.js","statementMap":{"0":{"start":{"line":1,"column":22},"end":{"line":1,"column":42}},"1":{"start":{"line":2,"column":22},"end":{"line":2,"column":45}},"2":{"start":{"line":3,"column":13},"end":{"line":3,"column":30}},"3":{"start":{"line":5,"column":15},"end":{"line":46,"column":2}},"4":{"start":{"line":49,"column":0},"end":{"line":49,"column":68}},"5":{"start":{"line":51,"column":0},"end":{"line":51,"column":24}}},"fnMap":{},"branchMap":{},"s":{"0":5,"1":5,"2":5,"3":5,"4":5,"5":5},"f":{},"b":{},"_coverageSchema":"1a1c01bbd47fc00a2c39e90264f33305004495a9","hash":"1a36976e3719e909aff98756fc65941d7ac54b4f"}
,"C:\\User\\Project_web\\kantin\\backend\\models\\Topup.js": {"path":"C:\\User\\Project_web\\kantin\\backend\\models\\Topup.js","statementMap":{"0":{"start":{"line":1,"column":22},"end":{"line":1,"column":42}},"1":{"start":{"line":2,"column":22},"end":{"line":2,"column":45}},"2":{"start":{"line":3,"column":13},"end":{"line":3,"column":30}},"3":{"start":{"line":5,"column":14},"end":{"line":38,"column":2}},"4":{"start":{"line":41,"column":0},"end":{"line":41,"column":61}},"5":{"start":{"line":43,"column":0},"end":{"line":43,"column":23}}},"fnMap":{},"branchMap":{},"s":{"0":5,"1":5,"2":5,"3":5,"4":5,"5":5},"f":{},"b":{},"_coverageSchema":"1a1c01bbd47fc00a2c39e90264f33305004495a9","hash":"c84e637123c7e66ac80fd94a3e049cb54e23f00c"}
,"C:\\User\\Project_web\\kantin\\backend\\models\\User.js": {"path":"C:\\User\\Project_web\\kantin\\backend\\models\\User.js","statementMap":{"0":{"start":{"line":1,"column":22},"end":{"line":1,"column":42}},"1":{"start":{"line":2,"column":22},"end":{"line":2,"column":45}},"2":{"start":{"line":4,"column":13},"end":{"line":45,"column":2}},"3":{"start":{"line":47,"column":0},"end":{"line":47,"column":22}}},"fnMap":{},"branchMap":{},"s":{"0":5,"1":5,"2":5,"3":5},"f":{},"b":{},"_coverageSchema":"1a1c01bbd47fc00a2c39e90264f33305004495a9","hash":"6fccec817c62880b41acbe8bdd09871a328c352c"}
,"C:\\User\\Project_web\\kantin\\backend\\routes\\menuRoutes.js": {"path":"C:\\User\\Project_web\\kantin\\backend\\routes\\menuRoutes.js","statementMap":{"0":{"start":{"line":1,"column":16},"end":{"line":1,"column":34}},"1":{"start":{"line":2,"column":15},"end":{"line":2,"column":31}},"2":{"start":{"line":5,"column":23},"end":{"line":5,"column":63}},"3":{"start":{"line":6,"column":24},"end":{"line":6,"column":53}},"4":{"start":{"line":9,"column":0},"end":{"line":9,"column":43}},"5":{"start":{"line":16,"column":0},"end":{"line":16,"column":47}},"6":{"start":{"line":19,"column":0},"end":{"line":19,"column":60}},"7":{"start":{"line":22,"column":0},"end":{"line":22,"column":67}},"8":{"start":{"line":29,"column":0},"end":{"line":29,"column":57}},"9":{"start":{"line":32,"column":0},"end":{"line":32,"column":59}},"10":{"start":{"line":35,"column":0},"end":{"line":35,"column":62}},"11":{"start":{"line":37,"column":0},"end":{"line":37,"column":24}}},"fnMap":{},"branchMap":{},"s":{"0":5,"1":5,"2":5,"3":5,"4":5,"5":5,"6":5,"7":5,"8":5,"9":5,"10":5,"11":5},"f":{},"b":{},"_coverageSchema":"1a1c01bbd47fc00a2c39e90264f33305004495a9","hash":"3a81d28a064b6e3c9ee699a9e4b177f1c11fac50"}
,"C:\\User\\Project_web\\kantin\\backend\\routes\\midtransRoutes.js": {"path":"C:\\User\\Project_web\\kantin\\backend\\routes\\midtransRoutes.js","statementMap":{"0":{"start":{"line":1,"column":16},"end":{"line":1,"column":34}},"1":{"start":{"line":2,"column":16},"end":{"line":2,"column":32}},"2":{"start":{"line":3,"column":27},"end":{"line":3,"column":71}},"3":{"start":{"line":4,"column":24},"end":{"line":4,"column":53}},"4":{"start":{"line":8,"column":0},"end":{"line":8,"column":91}},"5":{"start":{"line":12,"column":0},"end":{"line":12,"column":76}},"6":{"start":{"line":16,"column":0},"end":{"line":16,"column":93}},"7":{"start":{"line":18,"column":0},"end":{"line":18,"column":24}}},"fnMap":{},"branchMap":{},"s":{"0":5,"1":5,"2":5,"3":5,"4":5,"5":5,"6":5,"7":5},"f":{},"b":{},"_coverageSchema":"1a1c01bbd47fc00a2c39e90264f33305004495a9","hash":"0d0f9e6ec8a5f0831d8220468b08ec0871101748"}
,"C:\\User\\Project_web\\kantin\\backend\\routes\\orderRoutes.js": {"path":"C:\\User\\Project_web\\kantin\\backend\\routes\\orderRoutes.js","statementMap":{"0":{"start":{"line":1,"column":16},"end":{"line":1,"column":34}},"1":{"start":{"line":2,"column":15},"end":{"line":2,"column":31}},"2":{"start":{"line":5,"column":24},"end":{"line":5,"column":65}},"3":{"start":{"line":6,"column":24},"end":{"line":6,"column":53}},"4":{"start":{"line":9,"column":0},"end":{"line":9,"column":64}},"5":{"start":{"line":12,"column":0},"end":{"line":12,"column":69}},"6":{"start":{"line":14,"column":0},"end":{"line":14,"column":78}},"7":{"start":{"line":15,"column":0},"end":{"line":15,"column":77}},"8":{"start":{"line":16,"column":0},"end":{"line":16,"column":75}},"9":{"start":{"line":21,"column":0},"end":{"line":21,"column":76}},"10":{"start":{"line":26,"column":0},"end":{"line":26,"column":75}},"11":{"start":{"line":28,"column":0},"end":{"line":28,"column":24}}},"fnMap":{},"branchMap":{},"s":{"0":5,"1":5,"2":5,"3":5,"4":5,"5":5,"6":5,"7":5,"8":5,"9":5,"10":5,"11":5},"f":{},"b":{},"_coverageSchema":"1a1c01bbd47fc00a2c39e90264f33305004495a9","hash":"fe2bc763d119fe4ec58849855d2aebcf1c7dddf6"}
,"C:\\User\\Project_web\\kantin\\backend\\routes\\topupRoutes.js": {"path":"C:\\User\\Project_web\\kantin\\backend\\routes\\topupRoutes.js","statementMap":{"0":{"start":{"line":1,"column":16},"end":{"line":1,"column":34}},"1":{"start":{"line":2,"column":15},"end":{"line":2,"column":31}},"2":{"start":{"line":3,"column":24},"end":{"line":3,"column":65}},"3":{"start":{"line":4,"column":24},"end":{"line":4,"column":53}},"4":{"start":{"line":7,"column":0},"end":{"line":7,"column":79}},"5":{"start":{"line":10,"column":0},"end":{"line":10,"column":90}},"6":{"start":{"line":13,"column":0},"end":{"line":13,"column":84}},"7":{"start":{"line":16,"column":0},"end":{"line":16,"column":85}},"8":{"start":{"line":19,"column":0},"end":{"line":19,"column":80}},"9":{"start":{"line":22,"column":0},"end":{"line":22,"column":92}},"10":{"start":{"line":25,"column":0},"end":{"line":25,"column":78}},"11":{"start":{"line":28,"column":0},"end":{"line":28,"column":76}},"12":{"start":{"line":30,"column":0},"end":{"line":30,"column":24}}},"fnMap":{},"branchMap":{},"s":{"0":5,"1":5,"2":5,"3":5,"4":5,"5":5,"6":5,"7":5,"8":5,"9":5,"10":5,"11":5,"12":5},"f":{},"b":{},"_coverageSchema":"1a1c01bbd47fc00a2c39e90264f33305004495a9","hash":"af95df6b70fd3193decc90518e2823f949eae433"}
}
