TN:
SF:config\db.js
FN:17,(anonymous_0)
FNF:1
FNH:1
FNDA:5,(anonymous_0)
DA:1,5
DA:2,5
DA:5,5
DA:17,5
DA:18,5
DA:19,5
DA:20,5
DA:23,5
DA:24,5
DA:26,0
DA:32,5
LF:11
LH:10
BRF:0
BRH:0
end_of_record
TN:
SF:controllers\menuController.js
FN:6,(anonymous_0)
FN:30,(anonymous_1)
FN:52,(anonymous_2)
FN:74,(anonymous_3)
FN:99,(anonymous_4)
FN:117,(anonymous_5)
FN:140,(anonymous_6)
FNF:7
FNH:5
FNDA:2,(anonymous_0)
FNDA:2,(anonymous_1)
FNDA:0,(anonymous_2)
FNDA:0,(anonymous_3)
FNDA:4,(anonymous_4)
FNDA:1,(anonymous_5)
FNDA:2,(anonymous_6)
DA:1,5
DA:2,5
DA:3,5
DA:6,5
DA:7,2
DA:8,2
DA:9,2
DA:11,2
DA:12,0
DA:15,2
DA:22,2
DA:24,0
DA:25,0
DA:30,5
DA:31,2
DA:32,2
DA:33,2
DA:40,2
DA:41,1
DA:44,1
DA:46,0
DA:47,0
DA:52,5
DA:53,0
DA:54,0
DA:56,0
DA:66,0
DA:68,0
DA:69,0
DA:74,5
DA:75,0
DA:76,0
DA:77,0
DA:79,0
DA:80,0
DA:83,0
DA:91,0
DA:93,0
DA:94,0
DA:99,5
DA:100,4
DA:101,4
DA:103,4
DA:104,2
DA:107,2
DA:109,2
DA:111,0
DA:112,0
DA:117,5
DA:118,1
DA:119,1
DA:121,1
DA:128,1
DA:129,0
DA:132,1
DA:134,0
DA:135,0
DA:140,5
DA:141,2
DA:142,2
DA:144,2
DA:145,0
DA:148,2
DA:155,2
DA:156,1
DA:159,1
DA:161,0
DA:162,0
LF:68
LH:40
BRDA:11,0,0,0
BRDA:11,0,1,2
BRDA:40,1,0,1
BRDA:40,1,1,1
BRDA:79,2,0,0
BRDA:79,2,1,0
BRDA:79,3,0,0
BRDA:79,3,1,0
BRDA:79,3,2,0
BRDA:103,4,0,2
BRDA:103,4,1,2
BRDA:103,5,0,4
BRDA:103,5,1,3
BRDA:128,6,0,0
BRDA:128,6,1,1
BRDA:144,7,0,0
BRDA:144,7,1,2
BRDA:155,8,0,1
BRDA:155,8,1,1
BRF:19
BRH:11
end_of_record
TN:
SF:middleware\auth.js
FN:4,(anonymous_0)
FN:10,(anonymous_1)
FN:27,(anonymous_2)
FN:28,(anonymous_3)
FNF:4
FNH:2
FNDA:20,(anonymous_0)
FNDA:16,(anonymous_1)
FNDA:0,(anonymous_2)
FNDA:0,(anonymous_3)
DA:1,5
DA:4,5
DA:5,20
DA:6,20
DA:8,20
DA:10,16
DA:11,16
DA:13,0
DA:14,0
DA:19,0
DA:21,16
DA:22,16
DA:27,5
DA:28,0
DA:29,0
DA:30,0
DA:33,0
DA:34,0
DA:40,0
DA:44,5
LF:20
LH:11
BRDA:6,0,0,20
BRDA:6,0,1,16
BRDA:8,1,0,4
BRDA:8,1,1,16
BRDA:10,2,0,16
BRDA:10,2,1,16
BRDA:11,3,0,0
BRDA:11,3,1,16
BRDA:13,4,0,0
BRDA:13,4,1,0
BRDA:29,5,0,0
BRDA:29,5,1,0
BRDA:33,6,0,0
BRDA:33,6,1,0
BRF:14
BRH:7
end_of_record
TN:
SF:models\Menu.js
FNF:0
FNH:0
DA:1,5
DA:2,5
DA:4,5
DA:42,5
DA:45,5
DA:48,5
DA:50,5
LF:7
LH:7
BRF:0
BRH:0
end_of_record
TN:
SF:models\Order.js
FNF:0
FNH:0
DA:1,5
DA:2,5
DA:3,5
DA:4,5
DA:5,5
DA:7,5
DA:43,5
DA:44,5
DA:45,5
DA:48,5
DA:50,5
LF:11
LH:11
BRF:0
BRH:0
end_of_record
TN:
SF:models\Review.js
FNF:0
FNH:0
DA:1,5
DA:2,5
DA:3,5
DA:5,5
DA:49,5
DA:51,5
LF:6
LH:6
BRF:0
BRH:0
end_of_record
TN:
SF:models\Topup.js
FNF:0
FNH:0
DA:1,5
DA:2,5
DA:3,5
DA:5,5
DA:41,5
DA:43,5
LF:6
LH:6
BRF:0
BRH:0
end_of_record
TN:
SF:models\User.js
FNF:0
FNH:0
DA:1,5
DA:2,5
DA:4,5
DA:47,5
LF:4
LH:4
BRF:0
BRH:0
end_of_record
TN:
SF:routes\menuRoutes.js
FNF:0
FNH:0
DA:1,5
DA:2,5
DA:5,5
DA:6,5
DA:9,5
DA:16,5
DA:19,5
DA:22,5
DA:29,5
DA:32,5
DA:35,5
DA:37,5
LF:12
LH:12
BRF:0
BRH:0
end_of_record
TN:
SF:routes\midtransRoutes.js
FNF:0
FNH:0
DA:1,5
DA:2,5
DA:3,5
DA:4,5
DA:8,5
DA:12,5
DA:16,5
DA:18,5
LF:8
LH:8
BRF:0
BRH:0
end_of_record
TN:
SF:routes\orderRoutes.js
FNF:0
FNH:0
DA:1,5
DA:2,5
DA:5,5
DA:6,5
DA:9,5
DA:12,5
DA:14,5
DA:15,5
DA:16,5
DA:21,5
DA:26,5
DA:28,5
LF:12
LH:12
BRF:0
BRH:0
end_of_record
TN:
SF:routes\topupRoutes.js
FNF:0
FNH:0
DA:1,5
DA:2,5
DA:3,5
DA:4,5
DA:7,5
DA:10,5
DA:13,5
DA:16,5
DA:19,5
DA:22,5
DA:25,5
DA:28,5
DA:30,5
LF:13
LH:13
BRF:0
BRH:0
end_of_record
